{"meta": {"format": 3, "version": "7.11.3", "timestamp": "2025-11-10T17:25:06.294832", "branch_coverage": false, "show_contexts": false}, "files": {"src/adapters/i_s3_storage.py": {"executed_lines": [1, 9, 10, 11, 13, 16, 17, 24, 25, 40, 41, 53, 54, 66, 67, 79, 80], "summary": {"covered_lines": 15, "num_statements": 20, "percent_covered": 75.0, "percent_covered_display": "75", "missing_lines": 5, "excluded_lines": 0}, "missing_lines": [38, 51, 64, 77, 90], "excluded_lines": [], "functions": {"IS3Storage.store_metrics": {"executed_lines": [], "summary": {"covered_lines": 0, "num_statements": 1, "percent_covered": 0.0, "percent_covered_display": "0", "missing_lines": 1, "excluded_lines": 0}, "missing_lines": [38], "excluded_lines": []}, "IS3Storage.get_current_metrics": {"executed_lines": [], "summary": {"covered_lines": 0, "num_statements": 1, "percent_covered": 0.0, "percent_covered_display": "0", "missing_lines": 1, "excluded_lines": 0}, "missing_lines": [51], "excluded_lines": []}, "IS3Storage.archive_current_file": {"executed_lines": [], "summary": {"covered_lines": 0, "num_statements": 1, "percent_covered": 0.0, "percent_covered_display": "0", "missing_lines": 1, "excluded_lines": 0}, "missing_lines": [64], "excluded_lines": []}, "IS3Storage.list_archive_files": {"executed_lines": [], "summary": {"covered_lines": 0, "num_statements": 1, "percent_covered": 0.0, "percent_covered_display": "0", "missing_lines": 1, "excluded_lines": 0}, "missing_lines": [77], "excluded_lines": []}, "IS3Storage.format_metrics_json": {"executed_lines": [], "summary": {"covered_lines": 0, "num_statements": 1, "percent_covered": 0.0, "percent_covered_display": "0", "missing_lines": 1, "excluded_lines": 0}, "missing_lines": [90], "excluded_lines": []}, "": {"executed_lines": [1, 9, 10, 11, 13, 16, 17, 24, 25, 40, 41, 53, 54, 66, 67, 79, 80], "summary": {"covered_lines": 15, "num_statements": 15, "percent_covered": 100.0, "percent_covered_display": "100", "missing_lines": 0, "excluded_lines": 0}, "missing_lines": [], "excluded_lines": []}}, "classes": {"IS3Storage": {"executed_lines": [], "summary": {"covered_lines": 0, "num_statements": 5, "percent_covered": 0.0, "percent_covered_display": "0", "missing_lines": 5, "excluded_lines": 0}, "missing_lines": [38, 51, 64, 77, 90], "excluded_lines": []}, "": {"executed_lines": [1, 9, 10, 11, 13, 16, 17, 24, 25, 40, 41, 53, 54, 66, 67, 79, 80], "summary": {"covered_lines": 15, "num_statements": 15, "percent_covered": 100.0, "percent_covered_display": "100", "missing_lines": 0, "excluded_lines": 0}, "missing_lines": [], "excluded_lines": []}}}, "src/adapters/s3_storage.py": {"executed_lines": [1, 8, 9, 10, 11, 12, 14, 15, 16, 18, 19, 20, 26, 29, 30, 37, 51, 52, 53, 56, 57, 60, 61, 65, 66, 67, 71, 74, 76, 78, 79, 80, 82, 83, 84, 86, 88, 90, 91, 92, 93, 94, 95, 96, 97, 101, 114, 115, 116, 118, 120, 121, 122, 123, 126, 129, 132, 135, 146, 152, 154, 155, 156, 157, 163, 165, 166, 167, 169, 179, 180, 182, 188, 189, 191, 198, 200, 201, 202, 203, 204, 206, 212, 214, 215, 216, 218, 219, 220, 222, 232, 233, 236, 237, 238, 239, 240, 241, 245, 246, 249, 254, 260, 267, 269, 270, 271, 272, 278, 280, 281, 282, 284, 294, 295, 297, 298, 303, 304, 305, 306, 307, 309, 310, 313, 315, 321, 323, 324, 325, 326, 332, 334, 335, 336, 338, 348, 349, 351, 353, 376, 379, 388, 394, 396, 397, 398], "summary": {"covered_lines": 145, "num_statements": 148, "percent_covered": 97.97297297297297, "percent_covered_display": "98", "missing_lines": 3, "excluded_lines": 0}, "missing_lines": [69, 99, 242], "excluded_lines": [], "functions": {"S3Storage.__init__": {"executed_lines": [51, 52, 53, 56, 57, 60, 61, 65, 66, 67, 71, 74, 76, 78, 79, 80, 82, 83, 84], "summary": {"covered_lines": 19, "num_statements": 20, "percent_covered": 95.0, "percent_covered_display": "95", "missing_lines": 1, "excluded_lines": 0}, "missing_lines": [69], "excluded_lines": []}, "S3Storage._test_connection": {"executed_lines": [88, 90, 91, 92, 93, 94, 95, 96, 97], "summary": {"covered_lines": 9, "num_statements": 10, "percent_covered": 90.0, "percent_covered_display": "90", "missing_lines": 1, "excluded_lines": 0}, "missing_lines": [99], "excluded_lines": []}, "S3Storage.store_metrics": {"executed_lines": [114, 115, 116, 118, 120, 121, 122, 123, 126, 129, 132, 135, 146, 152, 154, 155, 156, 157, 163, 165, 166, 167], "summary": {"covered_lines": 22, "num_statements": 22, "percent_covered": 100.0, "percent_covered_display": "100", "missing_lines": 0, "excluded_lines": 0}, "missing_lines": [], "excluded_lines": []}, "S3Storage.get_current_metrics": {"executed_lines": [179, 180, 182, 188, 189, 191, 198, 200, 201, 202, 203, 204, 206, 212, 214, 215, 216, 218, 219, 220], "summary": {"covered_lines": 20, "num_statements": 20, "percent_covered": 100.0, "percent_covered_display": "100", "missing_lines": 0, "excluded_lines": 0}, "missing_lines": [], "excluded_lines": []}, "S3Storage.archive_current_file": {"executed_lines": [232, 233, 236, 237, 238, 239, 240, 241, 245, 246, 249, 254, 260, 267, 269, 270, 271, 272, 278, 280, 281, 282], "summary": {"covered_lines": 22, "num_statements": 23, "percent_covered": 95.65217391304348, "percent_covered_display": "96", "missing_lines": 1, "excluded_lines": 0}, "missing_lines": [242], "excluded_lines": []}, "S3Storage.list_archive_files": {"executed_lines": [294, 295, 297, 298, 303, 304, 305, 306, 307, 309, 310, 313, 315, 321, 323, 324, 325, 326, 332, 334, 335, 336], "summary": {"covered_lines": 22, "num_statements": 22, "percent_covered": 100.0, "percent_covered_display": "100", "missing_lines": 0, "excluded_lines": 0}, "missing_lines": [], "excluded_lines": []}, "S3Storage.format_metrics_json": {"executed_lines": [348, 349, 351, 353, 376, 379, 388, 394, 396, 397, 398], "summary": {"covered_lines": 11, "num_statements": 11, "percent_covered": 100.0, "percent_covered_display": "100", "missing_lines": 0, "excluded_lines": 0}, "missing_lines": [], "excluded_lines": []}, "": {"executed_lines": [1, 8, 9, 10, 11, 12, 14, 15, 16, 18, 19, 20, 26, 29, 30, 37, 86, 101, 169, 222, 284, 338], "summary": {"covered_lines": 20, "num_statements": 20, "percent_covered": 100.0, "percent_covered_display": "100", "missing_lines": 0, "excluded_lines": 0}, "missing_lines": [], "excluded_lines": []}}, "classes": {"S3Storage": {"executed_lines": [51, 52, 53, 56, 57, 60, 61, 65, 66, 67, 71, 74, 76, 78, 79, 80, 82, 83, 84, 88, 90, 91, 92, 93, 94, 95, 96, 97, 114, 115, 116, 118, 120, 121, 122, 123, 126, 129, 132, 135, 146, 152, 154, 155, 156, 157, 163, 165, 166, 167, 179, 180, 182, 188, 189, 191, 198, 200, 201, 202, 203, 204, 206, 212, 214, 215, 216, 218, 219, 220, 232, 233, 236, 237, 238, 239, 240, 241, 245, 246, 249, 254, 260, 267, 269, 270, 271, 272, 278, 280, 281, 282, 294, 295, 297, 298, 303, 304, 305, 306, 307, 309, 310, 313, 315, 321, 323, 324, 325, 326, 332, 334, 335, 336, 348, 349, 351, 353, 376, 379, 388, 394, 396, 397, 398], "summary": {"covered_lines": 125, "num_statements": 128, "percent_covered": 97.65625, "percent_covered_display": "98", "missing_lines": 3, "excluded_lines": 0}, "missing_lines": [69, 99, 242], "excluded_lines": []}, "": {"executed_lines": [1, 8, 9, 10, 11, 12, 14, 15, 16, 18, 19, 20, 26, 29, 30, 37, 86, 101, 169, 222, 284, 338], "summary": {"covered_lines": 20, "num_statements": 20, "percent_covered": 100.0, "percent_covered_display": "100", "missing_lines": 0, "excluded_lines": 0}, "missing_lines": [], "excluded_lines": []}}}, "src/exceptions.py": {"executed_lines": [1, 9, 12, 13, 20, 34, 35, 36, 37, 39, 41, 42, 43, 44, 47, 48, 56, 70, 71, 73, 75, 76, 77, 78, 81, 82, 90, 102, 105, 106, 114, 128, 129, 130, 132, 134, 135, 136, 137, 138, 139, 142, 143, 151, 167, 168, 169, 171, 173, 174, 175, 176, 177, 178, 180, 181, 182, 183], "summary": {"covered_lines": 52, "num_statements": 52, "percent_covered": 100.0, "percent_covered_display": "100", "missing_lines": 0, "excluded_lines": 0}, "missing_lines": [], "excluded_lines": [], "functions": {"LunarCrushAPIError.__init__": {"executed_lines": [34, 35, 36, 37], "summary": {"covered_lines": 4, "num_statements": 4, "percent_covered": 100.0, "percent_covered_display": "100", "missing_lines": 0, "excluded_lines": 0}, "missing_lines": [], "excluded_lines": []}, "LunarCrushAPIError.__str__": {"executed_lines": [41, 42, 43, 44], "summary": {"covered_lines": 4, "num_statements": 4, "percent_covered": 100.0, "percent_covered_display": "100", "missing_lines": 0, "excluded_lines": 0}, "missing_lines": [], "excluded_lines": []}, "LunarCrushRateLimitError.__init__": {"executed_lines": [70, 71], "summary": {"covered_lines": 2, "num_statements": 2, "percent_covered": 100.0, "percent_covered_display": "100", "missing_lines": 0, "excluded_lines": 0}, "missing_lines": [], "excluded_lines": []}, "LunarCrushRateLimitError.__str__": {"executed_lines": [75, 76, 77, 78], "summary": {"covered_lines": 4, "num_statements": 4, "percent_covered": 100.0, "percent_covered_display": "100", "missing_lines": 0, "excluded_lines": 0}, "missing_lines": [], "excluded_lines": []}, "LunarCrushAuthenticationError.__init__": {"executed_lines": [102], "summary": {"covered_lines": 1, "num_statements": 1, "percent_covered": 100.0, "percent_covered_display": "100", "missing_lines": 0, "excluded_lines": 0}, "missing_lines": [], "excluded_lines": []}, "LunarCrushNetworkError.__init__": {"executed_lines": [128, 129, 130], "summary": {"covered_lines": 3, "num_statements": 3, "percent_covered": 100.0, "percent_covered_display": "100", "missing_lines": 0, "excluded_lines": 0}, "missing_lines": [], "excluded_lines": []}, "LunarCrushNetworkError.__str__": {"executed_lines": [134, 135, 136, 137, 138, 139], "summary": {"covered_lines": 6, "num_statements": 6, "percent_covered": 100.0, "percent_covered_display": "100", "missing_lines": 0, "excluded_lines": 0}, "missing_lines": [], "excluded_lines": []}, "LunarCrushDataValidationError.__init__": {"executed_lines": [167, 168, 169], "summary": {"covered_lines": 3, "num_statements": 3, "percent_covered": 100.0, "percent_covered_display": "100", "missing_lines": 0, "excluded_lines": 0}, "missing_lines": [], "excluded_lines": []}, "LunarCrushDataValidationError.__str__": {"executed_lines": [173, 174, 175, 176, 177, 178, 180, 181, 182, 183], "summary": {"covered_lines": 10, "num_statements": 10, "percent_covered": 100.0, "percent_covered_display": "100", "missing_lines": 0, "excluded_lines": 0}, "missing_lines": [], "excluded_lines": []}, "": {"executed_lines": [1, 9, 12, 13, 20, 39, 47, 48, 56, 73, 81, 82, 90, 105, 106, 114, 132, 142, 143, 151, 171], "summary": {"covered_lines": 15, "num_statements": 15, "percent_covered": 100.0, "percent_covered_display": "100", "missing_lines": 0, "excluded_lines": 0}, "missing_lines": [], "excluded_lines": []}}, "classes": {"LunarCrushAPIError": {"executed_lines": [34, 35, 36, 37, 41, 42, 43, 44], "summary": {"covered_lines": 8, "num_statements": 8, "percent_covered": 100.0, "percent_covered_display": "100", "missing_lines": 0, "excluded_lines": 0}, "missing_lines": [], "excluded_lines": []}, "LunarCrushRateLimitError": {"executed_lines": [70, 71, 75, 76, 77, 78], "summary": {"covered_lines": 6, "num_statements": 6, "percent_covered": 100.0, "percent_covered_display": "100", "missing_lines": 0, "excluded_lines": 0}, "missing_lines": [], "excluded_lines": []}, "LunarCrushAuthenticationError": {"executed_lines": [102], "summary": {"covered_lines": 1, "num_statements": 1, "percent_covered": 100.0, "percent_covered_display": "100", "missing_lines": 0, "excluded_lines": 0}, "missing_lines": [], "excluded_lines": []}, "LunarCrushNetworkError": {"executed_lines": [128, 129, 130, 134, 135, 136, 137, 138, 139], "summary": {"covered_lines": 9, "num_statements": 9, "percent_covered": 100.0, "percent_covered_display": "100", "missing_lines": 0, "excluded_lines": 0}, "missing_lines": [], "excluded_lines": []}, "LunarCrushDataValidationError": {"executed_lines": [167, 168, 169, 173, 174, 175, 176, 177, 178, 180, 181, 182, 183], "summary": {"covered_lines": 13, "num_statements": 13, "percent_covered": 100.0, "percent_covered_display": "100", "missing_lines": 0, "excluded_lines": 0}, "missing_lines": [], "excluded_lines": []}, "": {"executed_lines": [1, 9, 12, 13, 20, 39, 47, 48, 56, 73, 81, 82, 90, 105, 106, 114, 132, 142, 143, 151, 171], "summary": {"covered_lines": 15, "num_statements": 15, "percent_covered": 100.0, "percent_covered_display": "100", "missing_lines": 0, "excluded_lines": 0}, "missing_lines": [], "excluded_lines": []}}}, "src/lunarcrush_client.py": {"executed_lines": [1, 7, 8, 9, 10, 11, 12, 13, 14, 15, 16, 17, 18, 20, 21, 23, 32, 35, 53, 56, 57, 58, 65, 66, 67, 68, 69, 70, 71, 72, 73, 75, 77, 79, 81, 83, 84, 86, 87, 89, 90, 92, 93, 95, 96, 98, 99, 101, 102, 104, 105, 107, 108, 110, 112, 124, 125, 126, 127, 128, 130, 135, 137, 150, 151, 152, 158, 159, 160, 161, 162, 163, 164, 166, 168, 170, 172, 174, 175, 177, 179, 183, 184, 185, 186, 187, 189, 194, 196, 207, 208, 209, 216, 217, 218, 219, 221, 223, 225, 227, 228, 236, 238, 246, 247, 253, 260, 261, 262, 263, 264, 266, 275, 276, 278, 279, 280, 282, 283, 284, 285, 287, 293, 294, 297, 298, 305, 312, 313, 314, 318, 319, 320, 326, 327, 328, 334, 335, 336, 338, 340, 363, 364, 366, 368, 376, 379, 380, 384, 385, 386, 391, 392, 395, 396, 402, 403, 405, 406, 407, 413, 414, 421, 425, 435, 436, 438, 447, 448, 450, 451, 453, 465, 467, 470, 471, 472, 474, 477, 481, 482, 485, 486, 491, 492, 494, 495, 496, 497, 500, 513, 514, 515, 521, 522, 524, 525, 527, 528, 529, 531, 543, 545, 548, 549, 550, 552, 554, 561, 562, 565, 566, 572, 573, 575, 576, 578, 579, 580, 582, 599, 600, 601, 603, 605, 608, 609, 610, 611, 614, 619, 624, 629, 635, 640, 645, 655, 662, 671, 680, 682, 684, 686, 688, 690, 693, 696, 702, 704, 705, 707, 708, 709], "summary": {"covered_lines": 247, "num_statements": 251, "percent_covered": 98.40637450199203, "percent_covered_display": "98", "missing_lines": 4, "excluded_lines": 0}, "missing_lines": [423, 664, 665, 666], "excluded_lines": [], "functions": {"CurrentSocialMetrics.__post_init__": {"executed_lines": [77], "summary": {"covered_lines": 1, "num_statements": 1, "percent_covered": 100.0, "percent_covered_display": "100", "missing_lines": 0, "excluded_lines": 0}, "missing_lines": [], "excluded_lines": []}, "CurrentSocialMetrics._validate_data": {"executed_lines": [81, 83, 84, 86, 87, 89, 90, 92, 93, 95, 96, 98, 99, 101, 102, 104, 105, 107, 108, 110, 112, 124, 125, 126, 127, 128, 130], "summary": {"covered_lines": 27, "num_statements": 27, "percent_covered": 100.0, "percent_covered_display": "100", "missing_lines": 0, "excluded_lines": 0}, "missing_lines": [], "excluded_lines": []}, "CurrentSocialMetrics.to_dict": {"executed_lines": [137], "summary": {"covered_lines": 1, "num_statements": 1, "percent_covered": 100.0, "percent_covered_display": "100", "missing_lines": 0, "excluded_lines": 0}, "missing_lines": [], "excluded_lines": []}, "MomentumMetrics.__post_init__": {"executed_lines": [168], "summary": {"covered_lines": 1, "num_statements": 1, "percent_covered": 100.0, "percent_covered_display": "100", "missing_lines": 0, "excluded_lines": 0}, "missing_lines": [], "excluded_lines": []}, "MomentumMetrics._validate_data": {"executed_lines": [172, 174, 175, 177, 179, 183, 184, 185, 186, 187, 189], "summary": {"covered_lines": 11, "num_statements": 11, "percent_covered": 100.0, "percent_covered_display": "100", "missing_lines": 0, "excluded_lines": 0}, "missing_lines": [], "excluded_lines": []}, "MomentumMetrics.to_dict": {"executed_lines": [196], "summary": {"covered_lines": 1, "num_statements": 1, "percent_covered": 100.0, "percent_covered_display": "100", "missing_lines": 0, "excluded_lines": 0}, "missing_lines": [], "excluded_lines": []}, "SocialMetrics.__post_init__": {"executed_lines": [223], "summary": {"covered_lines": 1, "num_statements": 1, "percent_covered": 100.0, "percent_covered_display": "100", "missing_lines": 0, "excluded_lines": 0}, "missing_lines": [], "excluded_lines": []}, "SocialMetrics._validate_data": {"executed_lines": [227, 228], "summary": {"covered_lines": 2, "num_statements": 2, "percent_covered": 100.0, "percent_covered_display": "100", "missing_lines": 0, "excluded_lines": 0}, "missing_lines": [], "excluded_lines": []}, "SocialMetrics.to_dict": {"executed_lines": [238], "summary": {"covered_lines": 1, "num_statements": 1, "percent_covered": 100.0, "percent_covered_display": "100", "missing_lines": 0, "excluded_lines": 0}, "missing_lines": [], "excluded_lines": []}, "TokenBucket.__init__": {"executed_lines": [260, 261, 262, 263, 264], "summary": {"covered_lines": 5, "num_statements": 5, "percent_covered": 100.0, "percent_covered_display": "100", "missing_lines": 0, "excluded_lines": 0}, "missing_lines": [], "excluded_lines": []}, "TokenBucket.consume": {"executed_lines": [275, 276, 278, 279, 280, 282, 283, 284, 285], "summary": {"covered_lines": 9, "num_statements": 9, "percent_covered": 100.0, "percent_covered_display": "100", "missing_lines": 0, "excluded_lines": 0}, "missing_lines": [], "excluded_lines": []}, "TokenBucket.wait_for_token": {"executed_lines": [293, 294], "summary": {"covered_lines": 2, "num_statements": 2, "percent_covered": 100.0, "percent_covered_display": "100", "missing_lines": 0, "excluded_lines": 0}, "missing_lines": [], "excluded_lines": []}, "LunarCrushClient.__init__": {"executed_lines": [312, 313, 314, 318, 319, 320, 326, 327, 328, 334, 335, 336, 338], "summary": {"covered_lines": 13, "num_statements": 13, "percent_covered": 100.0, "percent_covered_display": "100", "missing_lines": 0, "excluded_lines": 0}, "missing_lines": [], "excluded_lines": []}, "LunarCrushClient._make_request_with_retry": {"executed_lines": [363, 364, 366, 368, 376, 379, 380, 384, 385, 386, 391, 392, 395, 396, 402, 403, 405, 406, 407, 413, 414, 421], "summary": {"covered_lines": 22, "num_statements": 23, "percent_covered": 95.65217391304348, "percent_covered_display": "96", "missing_lines": 1, "excluded_lines": 0}, "missing_lines": [423], "excluded_lines": []}, "LunarCrushClient._get_cache_key": {"executed_lines": [435, 436], "summary": {"covered_lines": 2, "num_statements": 2, "percent_covered": 100.0, "percent_covered_display": "100", "missing_lines": 0, "excluded_lines": 0}, "missing_lines": [], "excluded_lines": []}, "LunarCrushClient._is_cache_valid": {"executed_lines": [447, 448, 450, 451], "summary": {"covered_lines": 4, "num_statements": 4, "percent_covered": 100.0, "percent_covered_display": "100", "missing_lines": 0, "excluded_lines": 0}, "missing_lines": [], "excluded_lines": []}, "LunarCrushClient.get_current_metrics": {"executed_lines": [465, 467, 470, 471, 472, 474, 477, 481, 482, 485, 486, 491, 492, 494, 495, 496, 497, 500, 513, 514, 515, 521, 522, 524, 525, 527, 528, 529], "summary": {"covered_lines": 28, "num_statements": 28, "percent_covered": 100.0, "percent_covered_display": "100", "missing_lines": 0, "excluded_lines": 0}, "missing_lines": [], "excluded_lines": []}, "LunarCrushClient.get_historical_metrics": {"executed_lines": [543, 545, 548, 549, 550, 552, 554, 561, 562, 565, 566, 572, 573, 575, 576, 578, 579, 580], "summary": {"covered_lines": 18, "num_statements": 18, "percent_covered": 100.0, "percent_covered_display": "100", "missing_lines": 0, "excluded_lines": 0}, "missing_lines": [], "excluded_lines": []}, "LunarCrushClient.calculate_percentage_changes": {"executed_lines": [599, 600, 601, 603, 605, 608, 609, 610, 611, 614, 619, 624, 629, 635, 640, 645, 655, 662], "summary": {"covered_lines": 18, "num_statements": 21, "percent_covered": 85.71428571428571, "percent_covered_display": "86", "missing_lines": 3, "excluded_lines": 0}, "missing_lines": [664, 665, 666], "excluded_lines": []}, "LunarCrushClient.get_comprehensive_metrics": {"executed_lines": [680, 682, 684, 686, 688, 690, 693, 696, 702, 704, 705, 707, 708, 709], "summary": {"covered_lines": 14, "num_statements": 14, "percent_covered": 100.0, "percent_covered_display": "100", "missing_lines": 0, "excluded_lines": 0}, "missing_lines": [], "excluded_lines": []}, "": {"executed_lines": [1, 7, 8, 9, 10, 11, 12, 13, 14, 15, 16, 17, 18, 20, 21, 23, 32, 35, 53, 56, 57, 58, 65, 66, 67, 68, 69, 70, 71, 72, 73, 75, 79, 135, 150, 151, 152, 158, 159, 160, 161, 162, 163, 164, 166, 170, 194, 207, 208, 209, 216, 217, 218, 219, 221, 225, 236, 246, 247, 253, 266, 287, 297, 298, 305, 340, 425, 438, 453, 531, 582, 671], "summary": {"covered_lines": 66, "num_statements": 66, "percent_covered": 100.0, "percent_covered_display": "100", "missing_lines": 0, "excluded_lines": 0}, "missing_lines": [], "excluded_lines": []}}, "classes": {"CurrentSocialMetrics": {"executed_lines": [77, 81, 83, 84, 86, 87, 89, 90, 92, 93, 95, 96, 98, 99, 101, 102, 104, 105, 107, 108, 110, 112, 124, 125, 126, 127, 128, 130, 137], "summary": {"covered_lines": 29, "num_statements": 29, "percent_covered": 100.0, "percent_covered_display": "100", "missing_lines": 0, "excluded_lines": 0}, "missing_lines": [], "excluded_lines": []}, "MomentumMetrics": {"executed_lines": [168, 172, 174, 175, 177, 179, 183, 184, 185, 186, 187, 189, 196], "summary": {"covered_lines": 13, "num_statements": 13, "percent_covered": 100.0, "percent_covered_display": "100", "missing_lines": 0, "excluded_lines": 0}, "missing_lines": [], "excluded_lines": []}, "SocialMetrics": {"executed_lines": [223, 227, 228, 238], "summary": {"covered_lines": 4, "num_statements": 4, "percent_covered": 100.0, "percent_covered_display": "100", "missing_lines": 0, "excluded_lines": 0}, "missing_lines": [], "excluded_lines": []}, "TokenBucket": {"executed_lines": [260, 261, 262, 263, 264, 275, 276, 278, 279, 280, 282, 283, 284, 285, 293, 294], "summary": {"covered_lines": 16, "num_statements": 16, "percent_covered": 100.0, "percent_covered_display": "100", "missing_lines": 0, "excluded_lines": 0}, "missing_lines": [], "excluded_lines": []}, "LunarCrushClient": {"executed_lines": [312, 313, 314, 318, 319, 320, 326, 327, 328, 334, 335, 336, 338, 363, 364, 366, 368, 376, 379, 380, 384, 385, 386, 391, 392, 395, 396, 402, 403, 405, 406, 407, 413, 414, 421, 435, 436, 447, 448, 450, 451, 465, 467, 470, 471, 472, 474, 477, 481, 482, 485, 486, 491, 492, 494, 495, 496, 497, 500, 513, 514, 515, 521, 522, 524, 525, 527, 528, 529, 543, 545, 548, 549, 550, 552, 554, 561, 562, 565, 566, 572, 573, 575, 576, 578, 579, 580, 599, 600, 601, 603, 605, 608, 609, 610, 611, 614, 619, 624, 629, 635, 640, 645, 655, 662, 680, 682, 684, 686, 688, 690, 693, 696, 702, 704, 705, 707, 708, 709], "summary": {"covered_lines": 119, "num_statements": 123, "percent_covered": 96.7479674796748, "percent_covered_display": "97", "missing_lines": 4, "excluded_lines": 0}, "missing_lines": [423, 664, 665, 666], "excluded_lines": []}, "": {"executed_lines": [1, 7, 8, 9, 10, 11, 12, 13, 14, 15, 16, 17, 18, 20, 21, 23, 32, 35, 53, 56, 57, 58, 65, 66, 67, 68, 69, 70, 71, 72, 73, 75, 79, 135, 150, 151, 152, 158, 159, 160, 161, 162, 163, 164, 166, 170, 194, 207, 208, 209, 216, 217, 218, 219, 221, 225, 236, 246, 247, 253, 266, 287, 297, 298, 305, 340, 425, 438, 453, 531, 582, 671], "summary": {"covered_lines": 66, "num_statements": 66, "percent_covered": 100.0, "percent_covered_display": "100", "missing_lines": 0, "excluded_lines": 0}, "missing_lines": [], "excluded_lines": []}}}}, "totals": {"covered_lines": 459, "num_statements": 471, "percent_covered": 97.45222929936305, "percent_covered_display": "97", "missing_lines": 12, "excluded_lines": 0}}